# JRE version: OpenJDK Runtime Environment Temurin-17.0.16+8 (17.0.16+8) (build 17.0.16+8)
# Java VM: OpenJDK 64-Bit Server VM Temurin-17.0.16+8 (17.0.16+8, mixed mode, sharing, tiered, compressed oops, compressed class ptrs, g1 gc, windows-amd64)
GC Precious Log:
 CPUs: 12 total, 12 available
 Memory: 6986M
 Large Page Support: Disabled
 NUMA Support: Disabled
 Compressed Oops: Enabled (Zero based)
 Heap Region Size: 2M
 Heap Min Capacity: 8M
 Heap Initial Capacity: 110M
 Heap Max Capacity: 4G
 Pre-touch: Disabled
 Parallel Workers: 10
 Concurrent Workers: 3
 Concurrent Refinement Workers: 10
 Periodic GC: Disabled
Heap:
 garbage-first heap   total 557056K, used 115065K [0x0000000700000000, 0x0000000800000000)
  region size 2048K, 2 young (4096K), 2 survivors (4096K)
 Metaspace       used 103835K, committed 104448K, reserved 1179648K
  class space    used 12315K, committed 12608K, reserved 1048576K
GC Heap History (20 events):
Event: 39.280 GC heap after
{Heap after GC invocations=52 (full 0):
 garbage-first heap   total 557056K, used 58063K [0x0000000700000000, 0x0000000800000000)
  region size 2048K, 6 young (12288K), 6 survivors (12288K)
 Metaspace       used 43029K, committed 43584K, reserved 1114112K
  class space    used 5673K, committed 5952K, reserved 1048576K
}
Event: 40.292 GC heap before
{Heap before GC invocations=52 (full 0):
 garbage-first heap   total 557056K, used 379599K [0x0000000700000000, 0x0000000800000000)
  region size 2048K, 163 young (333824K), 6 survivors (12288K)
 Metaspace       used 43031K, committed 43584K, reserved 1114112K
  class space    used 5673K, committed 5952K, reserved 1048576K
}
Event: 40.303 GC heap after
{Heap after GC invocations=53 (full 0):
 garbage-first heap   total 557056K, used 59035K [0x0000000700000000, 0x0000000800000000)
  region size 2048K, 7 young (14336K), 7 survivors (14336K)
 Metaspace       used 43031K, committed 43584K, reserved 1114112K
  class space    used 5673K, committed 5952K, reserved 1048576K
}
Event: 41.198 GC heap before
{Heap before GC invocations=53 (full 0):
 garbage-first heap   total 557056K, used 378523K [0x0000000700000000, 0x0000000800000000)
  region size 2048K, 163 young (333824K), 7 survivors (14336K)
 Metaspace       used 43031K, committed 43584K, reserved 1114112K
  class space    used 5673K, committed 5952K, reserved 1048576K
}
Event: 41.210 GC heap after
{Heap after GC invocations=54 (full 0):
 garbage-first heap   total 557056K, used 59419K [0x0000000700000000, 0x0000000800000000)
  region size 2048K, 6 young (12288K), 6 survivors (12288K)
 Metaspace       used 43031K, committed 43584K, reserved 1114112K
  class space    used 5673K, committed 5952K, reserved 1048576K
}
Event: 41.879 GC heap before
{Heap before GC invocations=54 (full 0):
 garbage-first heap   total 557056K, used 380955K [0x0000000700000000, 0x0000000800000000)
  region size 2048K, 163 young (333824K), 6 survivors (12288K)
 Metaspace       used 43031K, committed 43584K, reserved 1114112K
  class space    used 5673K, committed 5952K, reserved 1048576K
}
Event: 41.889 GC heap after
{Heap after GC invocations=55 (full 0):
 garbage-first heap   total 557056K, used 59733K [0x0000000700000000, 0x0000000800000000)
  region size 2048K, 6 young (12288K), 6 survivors (12288K)
 Metaspace       used 43031K, committed 43584K, reserved 1114112K
  class space    used 5673K, committed 5952K, reserved 1048576K
}
Event: 50.946 GC heap before
{Heap before GC invocations=55 (full 0):
 garbage-first heap   total 557056K, used 317781K [0x0000000700000000, 0x0000000800000000)
  region size 2048K, 131 young (268288K), 6 survivors (12288K)
 Metaspace       used 59948K, committed 60480K, reserved 1114112K
  class space    used 8094K, committed 8320K, reserved 1048576K
}
Event: 50.981 GC heap after
{Heap after GC invocations=56 (full 0):
 garbage-first heap   total 557056K, used 76122K [0x0000000700000000, 0x0000000800000000)
  region size 2048K, 12 young (24576K), 12 survivors (24576K)
 Metaspace       used 59948K, committed 60480K, reserved 1114112K
  class space    used 8094K, committed 8320K, reserved 1048576K
}
Event: 55.382 GC heap before
{Heap before GC invocations=57 (full 0):
 garbage-first heap   total 280576K, used 219482K [0x0000000700000000, 0x0000000800000000)
  region size 2048K, 82 young (167936K), 12 survivors (24576K)
 Metaspace       used 73071K, committed 73664K, reserved 1114112K
  class space    used 9473K, committed 9728K, reserved 1048576K
}
Event: 55.746 GC heap after
{Heap after GC invocations=58 (full 0):
 garbage-first heap   total 337920K, used 83201K [0x0000000700000000, 0x0000000800000000)
  region size 2048K, 6 young (12288K), 6 survivors (12288K)
 Metaspace       used 73071K, committed 73664K, reserved 1114112K
  class space    used 9473K, committed 9728K, reserved 1048576K
}
Event: 56.066 GC heap before
{Heap before GC invocations=58 (full 0):
 garbage-first heap   total 337920K, used 87297K [0x0000000700000000, 0x0000000800000000)
  region size 2048K, 8 young (16384K), 6 survivors (12288K)
 Metaspace       used 73874K, committed 74432K, reserved 1114112K
  class space    used 9621K, committed 9856K, reserved 1048576K
}
Event: 56.077 GC heap after
{Heap after GC invocations=59 (full 0):
 garbage-first heap   total 337920K, used 80782K [0x0000000700000000, 0x0000000800000000)
  region size 2048K, 1 young (2048K), 1 survivors (2048K)
 Metaspace       used 73874K, committed 74432K, reserved 1114112K
  class space    used 9621K, committed 9856K, reserved 1048576K
}
Event: 62.629 GC heap before
{Heap before GC invocations=59 (full 0):
 garbage-first heap   total 337920K, used 267150K [0x0000000700000000, 0x0000000800000000)
  region size 2048K, 91 young (186368K), 1 survivors (2048K)
 Metaspace       used 85267K, committed 85824K, reserved 1179648K
  class space    used 10507K, committed 10752K, reserved 1048576K
}
Event: 62.650 GC heap after
{Heap after GC invocations=60 (full 0):
 garbage-first heap   total 337920K, used 97865K [0x0000000700000000, 0x0000000800000000)
  region size 2048K, 9 young (18432K), 9 survivors (18432K)
 Metaspace       used 85267K, committed 85824K, reserved 1179648K
  class space    used 10507K, committed 10752K, reserved 1048576K
}
Event: 70.600 GC heap before
{Heap before GC invocations=61 (full 0):
 garbage-first heap   total 337920K, used 263180K [0x0000000700000000, 0x0000000800000000)
  region size 2048K, 90 young (184320K), 9 survivors (18432K)
 Metaspace       used 102950K, committed 103552K, reserved 1179648K
  class space    used 12222K, committed 12480K, reserved 1048576K
}
Event: 70.726 GC heap after
{Heap after GC invocations=62 (full 0):
 garbage-first heap   total 337920K, used 108634K [0x0000000700000000, 0x0000000800000000)
  region size 2048K, 6 young (12288K), 6 survivors (12288K)
 Metaspace       used 102950K, committed 103552K, reserved 1179648K
  class space    used 12222K, committed 12480K, reserved 1048576K
}
Event: 70.915 GC heap before
{Heap before GC invocations=62 (full 0):
 garbage-first heap   total 337920K, used 112730K [0x0000000700000000, 0x0000000800000000)
  region size 2048K, 8 young (16384K), 6 survivors (12288K)
 Metaspace       used 103037K, committed 103616K, reserved 1179648K
  class space    used 12227K, committed 12480K, reserved 1048576K
}
Event: 70.976 GC heap after
{Heap after GC invocations=63 (full 0):
 garbage-first heap   total 337920K, used 108624K [0x0000000700000000, 0x0000000800000000)
  region size 2048K, 1 young (2048K), 1 survivors (2048K)
 Metaspace       used 103037K, committed 103616K, reserved 1179648K
  class space    used 12227K, committed 12480K, reserved 1048576K
}
Event: 79.054 GC heap before
{Heap before GC invocations=63 (full 0):
 garbage-first heap   total 337920K, used 274512K [0x0000000700000000, 0x0000000800000000)
  region size 2048K, 79 young (161792K), 1 survivors (2048K)
 Metaspace       used 103835K, committed 104448K, reserved 1179648K
  class space    used 12315K, committed 12608K, reserved 1048576K
}

